CRITICAL - 2022-07-06 02:27:56 --> session_regenerate_id(): Cannot regenerate session id - session is not active
in SYSTEMPATH\Session\Session.php on line 279.
 1 [internal function]: CodeIgniter\Debug\Exceptions->errorHandler(2, 'session_regenerate_id(): Cannot regenerate session id - session is not active', 'SYSTEMPATH\\Session\\Session.php', 279, [])
 2 SYSTEMPATH\Session\Session.php(279): session_regenerate_id(true)
 3 APPPATH\Controllers\login.php(99): CodeIgniter\Session\Session->stop()
 4 SYSTEMPATH\CodeIgniter.php(896): App\Controllers\Login->log_outapbd()
 5 SYSTEMPATH\CodeIgniter.php(466): CodeIgniter\CodeIgniter->runController(Object(App\Controllers\Login))
 6 SYSTEMPATH\CodeIgniter.php(349): CodeIgniter\CodeIgniter->handleRequest(null, Object(Config\Cache), false)
 7 FCPATH\index.php(55): CodeIgniter\CodeIgniter->run()
CRITICAL - 2022-07-06 04:06:19 --> Division by zero
in APPPATH\Views\reportapbd\DashboardReportAPBD.php on line 282.
 1 APPPATH\Views\reportapbd\DashboardReportAPBD.php(282): CodeIgniter\Debug\Exceptions->errorHandler(2, 'Division by zero', 'APPPATH\\Views\\reportapbd\\DashboardReportAPBD.php', 282, [...])
 2 SYSTEMPATH\View\View.php(213): include('APPPATH\\Views\\reportapbd\\DashboardReportAPBD.php')
 3 SYSTEMPATH\View\View.php(216): CodeIgniter\View\View->CodeIgniter\View\{closure}()
 4 SYSTEMPATH\Common.php(1135): CodeIgniter\View\View->render('reportapbd/DashboardReportAPBD', [], true)
 5 APPPATH\Controllers\ReportAPBD.php(40): view('reportapbd/DashboardReportAPBD', [...])
 6 SYSTEMPATH\CodeIgniter.php(896): App\Controllers\ReportAPBD->DashboardAPBD()
 7 SYSTEMPATH\CodeIgniter.php(466): CodeIgniter\CodeIgniter->runController(Object(App\Controllers\ReportAPBD))
 8 SYSTEMPATH\CodeIgniter.php(349): CodeIgniter\CodeIgniter->handleRequest(null, Object(Config\Cache), false)
 9 FCPATH\index.php(55): CodeIgniter\CodeIgniter->run()
CRITICAL - 2022-07-06 04:37:19 --> Division by zero
in APPPATH\Views\reportapbd\DashboardReportAPBD.php on line 380.
 1 APPPATH\Views\reportapbd\DashboardReportAPBD.php(380): CodeIgniter\Debug\Exceptions->errorHandler(2, 'Division by zero', 'APPPATH\\Views\\reportapbd\\DashboardReportAPBD.php', 380, [...])
 2 SYSTEMPATH\View\View.php(213): include('APPPATH\\Views\\reportapbd\\DashboardReportAPBD.php')
 3 SYSTEMPATH\View\View.php(216): CodeIgniter\View\View->CodeIgniter\View\{closure}()
 4 SYSTEMPATH\Common.php(1135): CodeIgniter\View\View->render('reportapbd/DashboardReportAPBD', [], true)
 5 APPPATH\Controllers\ReportAPBD.php(40): view('reportapbd/DashboardReportAPBD', [...])
 6 SYSTEMPATH\CodeIgniter.php(896): App\Controllers\ReportAPBD->DashboardAPBD()
 7 SYSTEMPATH\CodeIgniter.php(466): CodeIgniter\CodeIgniter->runController(Object(App\Controllers\ReportAPBD))
 8 SYSTEMPATH\CodeIgniter.php(349): CodeIgniter\CodeIgniter->handleRequest(null, Object(Config\Cache), false)
 9 FCPATH\index.php(55): CodeIgniter\CodeIgniter->run()
CRITICAL - 2022-07-06 19:52:43 --> syntax error, unexpected 'if' (T_IF)
in APPPATH\Views\reportapbd\DashboardReportAPBD.php on line 100.
 1 SYSTEMPATH\View\View.php(216): CodeIgniter\View\View->CodeIgniter\View\{closure}()
 2 SYSTEMPATH\Common.php(1135): CodeIgniter\View\View->render('reportapbd/DashboardReportAPBD', [], true)
 3 APPPATH\Controllers\ReportAPBD.php(40): view('reportapbd/DashboardReportAPBD', [...])
 4 SYSTEMPATH\CodeIgniter.php(896): App\Controllers\ReportAPBD->DashboardAPBD()
 5 SYSTEMPATH\CodeIgniter.php(466): CodeIgniter\CodeIgniter->runController(Object(App\Controllers\ReportAPBD))
 6 SYSTEMPATH\CodeIgniter.php(349): CodeIgniter\CodeIgniter->handleRequest(null, Object(Config\Cache), false)
 7 FCPATH\index.php(55): CodeIgniter\CodeIgniter->run()
CRITICAL - 2022-07-06 20:09:47 --> Undefined variable: userdata
in APPPATH\Controllers\ReportAPBD.php on line 23.
 1 APPPATH\Controllers\ReportAPBD.php(23): CodeIgniter\Debug\Exceptions->errorHandler(8, 'Undefined variable: userdata', 'APPPATH\\Controllers\\ReportAPBD.php', 23, [...])
 2 SYSTEMPATH\CodeIgniter.php(896): App\Controllers\ReportAPBD->DashboardAPBD()
 3 SYSTEMPATH\CodeIgniter.php(466): CodeIgniter\CodeIgniter->runController(Object(App\Controllers\ReportAPBD))
 4 SYSTEMPATH\CodeIgniter.php(349): CodeIgniter\CodeIgniter->handleRequest(null, Object(Config\Cache), false)
 5 FCPATH\index.php(55): CodeIgniter\CodeIgniter->run()
CRITICAL - 2022-07-06 20:10:01 --> Undefined offset: 0
in APPPATH\Controllers\ReportAPBD.php on line 23.
 1 APPPATH\Controllers\ReportAPBD.php(23): CodeIgniter\Debug\Exceptions->errorHandler(8, 'Undefined offset: 0', 'APPPATH\\Controllers\\ReportAPBD.php', 23, [...])
 2 SYSTEMPATH\CodeIgniter.php(896): App\Controllers\ReportAPBD->DashboardAPBD()
 3 SYSTEMPATH\CodeIgniter.php(466): CodeIgniter\CodeIgniter->runController(Object(App\Controllers\ReportAPBD))
 4 SYSTEMPATH\CodeIgniter.php(349): CodeIgniter\CodeIgniter->handleRequest(null, Object(Config\Cache), false)
 5 FCPATH\index.php(55): CodeIgniter\CodeIgniter->run()
CRITICAL - 2022-07-06 20:10:15 --> Undefined offset: 0
in APPPATH\Controllers\ReportAPBD.php on line 23.
 1 APPPATH\Controllers\ReportAPBD.php(23): CodeIgniter\Debug\Exceptions->errorHandler(8, 'Undefined offset: 0', 'APPPATH\\Controllers\\ReportAPBD.php', 23, [...])
 2 SYSTEMPATH\CodeIgniter.php(896): App\Controllers\ReportAPBD->DashboardAPBD()
 3 SYSTEMPATH\CodeIgniter.php(466): CodeIgniter\CodeIgniter->runController(Object(App\Controllers\ReportAPBD))
 4 SYSTEMPATH\CodeIgniter.php(349): CodeIgniter\CodeIgniter->handleRequest(null, Object(Config\Cache), false)
 5 FCPATH\index.php(55): CodeIgniter\CodeIgniter->run()
CRITICAL - 2022-07-06 20:10:22 --> Trying to get property 'email' of non-object
in APPPATH\Controllers\ReportAPBD.php on line 23.
 1 APPPATH\Controllers\ReportAPBD.php(23): CodeIgniter\Debug\Exceptions->errorHandler(8, 'Trying to get property \'email\' of non-object', 'APPPATH\\Controllers\\ReportAPBD.php', 23, [...])
 2 SYSTEMPATH\CodeIgniter.php(896): App\Controllers\ReportAPBD->DashboardAPBD()
 3 SYSTEMPATH\CodeIgniter.php(466): CodeIgniter\CodeIgniter->runController(Object(App\Controllers\ReportAPBD))
 4 SYSTEMPATH\CodeIgniter.php(349): CodeIgniter\CodeIgniter->handleRequest(null, Object(Config\Cache), false)
 5 FCPATH\index.php(55): CodeIgniter\CodeIgniter->run()
CRITICAL - 2022-07-06 20:11:15 --> Trying to get property 'email' of non-object
in APPPATH\Controllers\ReportAPBD.php on line 23.
 1 APPPATH\Controllers\ReportAPBD.php(23): CodeIgniter\Debug\Exceptions->errorHandler(8, 'Trying to get property \'email\' of non-object', 'APPPATH\\Controllers\\ReportAPBD.php', 23, [...])
 2 SYSTEMPATH\CodeIgniter.php(896): App\Controllers\ReportAPBD->DashboardAPBD()
 3 SYSTEMPATH\CodeIgniter.php(466): CodeIgniter\CodeIgniter->runController(Object(App\Controllers\ReportAPBD))
 4 SYSTEMPATH\CodeIgniter.php(349): CodeIgniter\CodeIgniter->handleRequest(null, Object(Config\Cache), false)
 5 FCPATH\index.php(55): CodeIgniter\CodeIgniter->run()
CRITICAL - 2022-07-06 20:11:29 --> Undefined index: email
in APPPATH\Controllers\ReportAPBD.php on line 23.
 1 APPPATH\Controllers\ReportAPBD.php(23): CodeIgniter\Debug\Exceptions->errorHandler(8, 'Undefined index: email', 'APPPATH\\Controllers\\ReportAPBD.php', 23, [...])
 2 SYSTEMPATH\CodeIgniter.php(896): App\Controllers\ReportAPBD->DashboardAPBD()
 3 SYSTEMPATH\CodeIgniter.php(466): CodeIgniter\CodeIgniter->runController(Object(App\Controllers\ReportAPBD))
 4 SYSTEMPATH\CodeIgniter.php(349): CodeIgniter\CodeIgniter->handleRequest(null, Object(Config\Cache), false)
 5 FCPATH\index.php(55): CodeIgniter\CodeIgniter->run()
CRITICAL - 2022-07-06 20:11:36 --> Cannot use object of type stdClass as array
in APPPATH\Controllers\ReportAPBD.php on line 23.
 1 SYSTEMPATH\CodeIgniter.php(896): App\Controllers\ReportAPBD->DashboardAPBD()
 2 SYSTEMPATH\CodeIgniter.php(466): CodeIgniter\CodeIgniter->runController(Object(App\Controllers\ReportAPBD))
 3 SYSTEMPATH\CodeIgniter.php(349): CodeIgniter\CodeIgniter->handleRequest(null, Object(Config\Cache), false)
 4 FCPATH\index.php(55): CodeIgniter\CodeIgniter->run()
CRITICAL - 2022-07-06 20:11:50 --> syntax error, unexpected '0' (T_LNUMBER), expecting identifier (T_STRING) or variable (T_VARIABLE) or '{' or '$'
in APPPATH\Controllers\ReportAPBD.php on line 23.
 1 SYSTEMPATH\Autoloader\Autoloader.php(261): CodeIgniter\Autoloader\Autoloader->includeFile('APPPATH\\Controllers\\ReportAPBD.php')
 2 SYSTEMPATH\Autoloader\Autoloader.php(239): CodeIgniter\Autoloader\Autoloader->loadInNamespace('App\\Controllers\\ReportAPBD')
 3 [internal function]: CodeIgniter\Autoloader\Autoloader->loadClass('App\\Controllers\\ReportAPBD')
 4 [internal function]: spl_autoload_call('App\\Controllers\\ReportAPBD')
 5 SYSTEMPATH\CodeIgniter.php(846): class_exists('\\App\\Controllers\\ReportAPBD', true)
 6 SYSTEMPATH\CodeIgniter.php(453): CodeIgniter\CodeIgniter->startController()
 7 SYSTEMPATH\CodeIgniter.php(349): CodeIgniter\CodeIgniter->handleRequest(null, Object(Config\Cache), false)
 8 FCPATH\index.php(55): CodeIgniter\CodeIgniter->run()
CRITICAL - 2022-07-06 20:11:58 --> Undefined index: email
in APPPATH\Controllers\ReportAPBD.php on line 23.
 1 APPPATH\Controllers\ReportAPBD.php(23): CodeIgniter\Debug\Exceptions->errorHandler(8, 'Undefined index: email', 'APPPATH\\Controllers\\ReportAPBD.php', 23, [...])
 2 SYSTEMPATH\CodeIgniter.php(896): App\Controllers\ReportAPBD->DashboardAPBD()
 3 SYSTEMPATH\CodeIgniter.php(466): CodeIgniter\CodeIgniter->runController(Object(App\Controllers\ReportAPBD))
 4 SYSTEMPATH\CodeIgniter.php(349): CodeIgniter\CodeIgniter->handleRequest(null, Object(Config\Cache), false)
 5 FCPATH\index.php(55): CodeIgniter\CodeIgniter->run()
CRITICAL - 2022-07-06 20:12:22 --> Cannot use object of type stdClass as array
in APPPATH\Controllers\ReportAPBD.php on line 23.
 1 SYSTEMPATH\CodeIgniter.php(896): App\Controllers\ReportAPBD->DashboardAPBD()
 2 SYSTEMPATH\CodeIgniter.php(466): CodeIgniter\CodeIgniter->runController(Object(App\Controllers\ReportAPBD))
 3 SYSTEMPATH\CodeIgniter.php(349): CodeIgniter\CodeIgniter->handleRequest(null, Object(Config\Cache), false)
 4 FCPATH\index.php(55): CodeIgniter\CodeIgniter->run()
CRITICAL - 2022-07-06 20:12:29 --> syntax error, unexpected '[', expecting identifier (T_STRING) or variable (T_VARIABLE) or '{' or '$'
in APPPATH\Controllers\ReportAPBD.php on line 23.
 1 SYSTEMPATH\Autoloader\Autoloader.php(261): CodeIgniter\Autoloader\Autoloader->includeFile('APPPATH\\Controllers\\ReportAPBD.php')
 2 SYSTEMPATH\Autoloader\Autoloader.php(239): CodeIgniter\Autoloader\Autoloader->loadInNamespace('App\\Controllers\\ReportAPBD')
 3 [internal function]: CodeIgniter\Autoloader\Autoloader->loadClass('App\\Controllers\\ReportAPBD')
 4 [internal function]: spl_autoload_call('App\\Controllers\\ReportAPBD')
 5 SYSTEMPATH\CodeIgniter.php(846): class_exists('\\App\\Controllers\\ReportAPBD', true)
 6 SYSTEMPATH\CodeIgniter.php(453): CodeIgniter\CodeIgniter->startController()
 7 SYSTEMPATH\CodeIgniter.php(349): CodeIgniter\CodeIgniter->handleRequest(null, Object(Config\Cache), false)
 8 FCPATH\index.php(55): CodeIgniter\CodeIgniter->run()
CRITICAL - 2022-07-06 20:14:53 --> Undefined property: stdClass::$id_reference_unit
in APPPATH\Controllers\ReportAPBD.php on line 23.
 1 APPPATH\Controllers\ReportAPBD.php(23): CodeIgniter\Debug\Exceptions->errorHandler(8, 'Undefined property: stdClass::$id_reference_unit', 'APPPATH\\Controllers\\ReportAPBD.php', 23, [...])
 2 SYSTEMPATH\CodeIgniter.php(896): App\Controllers\ReportAPBD->DashboardAPBD()
 3 SYSTEMPATH\CodeIgniter.php(466): CodeIgniter\CodeIgniter->runController(Object(App\Controllers\ReportAPBD))
 4 SYSTEMPATH\CodeIgniter.php(349): CodeIgniter\CodeIgniter->handleRequest(null, Object(Config\Cache), false)
 5 FCPATH\index.php(55): CodeIgniter\CodeIgniter->run()
CRITICAL - 2022-07-06 20:23:18 --> Undefined variable: idunit
in APPPATH\Models\ReportAPBD_model.php on line 68.
 1 APPPATH\Models\ReportAPBD_model.php(68): CodeIgniter\Debug\Exceptions->errorHandler(8, 'Undefined variable: idunit', 'APPPATH\\Models\\ReportAPBD_model.php', 68, [...])
 2 APPPATH\Controllers\ReportAPBD.php(35): App\Models\ReportAPBD_model->SummaryRealisasiPendapatan('4.01.0.00.0.00.01.0000', '3')
 3 SYSTEMPATH\CodeIgniter.php(896): App\Controllers\ReportAPBD->DashboardAPBD()
 4 SYSTEMPATH\CodeIgniter.php(466): CodeIgniter\CodeIgniter->runController(Object(App\Controllers\ReportAPBD))
 5 SYSTEMPATH\CodeIgniter.php(349): CodeIgniter\CodeIgniter->handleRequest(null, Object(Config\Cache), false)
 6 FCPATH\index.php(55): CodeIgniter\CodeIgniter->run()
CRITICAL - 2022-07-06 20:24:05 --> Division by zero
in APPPATH\Views\reportapbd\DashboardReportAPBDSKPD.php on line 187.
 1 APPPATH\Views\reportapbd\DashboardReportAPBDSKPD.php(187): CodeIgniter\Debug\Exceptions->errorHandler(2, 'Division by zero', 'APPPATH\\Views\\reportapbd\\DashboardReportAPBDSKPD.php', 187, [...])
 2 SYSTEMPATH\View\View.php(213): include('APPPATH\\Views\\reportapbd\\DashboardReportAPBDSKPD.php')
 3 SYSTEMPATH\View\View.php(216): CodeIgniter\View\View->CodeIgniter\View\{closure}()
 4 SYSTEMPATH\Common.php(1135): CodeIgniter\View\View->render('reportapbd/DashboardReportAPBDSKPD', [], true)
 5 APPPATH\Controllers\ReportAPBD.php(44): view('reportapbd/DashboardReportAPBDSKPD', [...])
 6 SYSTEMPATH\CodeIgniter.php(896): App\Controllers\ReportAPBD->DashboardAPBD()
 7 SYSTEMPATH\CodeIgniter.php(466): CodeIgniter\CodeIgniter->runController(Object(App\Controllers\ReportAPBD))
 8 SYSTEMPATH\CodeIgniter.php(349): CodeIgniter\CodeIgniter->handleRequest(null, Object(Config\Cache), false)
 9 FCPATH\index.php(55): CodeIgniter\CodeIgniter->run()
