CRITICAL - 2022-07-31 04:53:12 --> Invalid file: home/ganti_password.php
in SYSTEMPATH\Exceptions\FrameworkException.php on line 33.
 1 SYSTEMPATH\View\View.php(201): CodeIgniter\Exceptions\FrameworkException::forInvalidFile('home/ganti_password.php')
 2 SYSTEMPATH\Common.php(1135): CodeIgniter\View\View->render('home/ganti_password', [], true)
 3 APPPATH\Controllers\ReportRAK.php(113): view('home/ganti_password')
 4 SYSTEMPATH\CodeIgniter.php(896): App\Controllers\ReportRAK->GantiPassword()
 5 SYSTEMPATH\CodeIgniter.php(466): CodeIgniter\CodeIgniter->runController(Object(App\Controllers\ReportRAK))
 6 SYSTEMPATH\CodeIgniter.php(349): CodeIgniter\CodeIgniter->handleRequest(null, Object(Config\Cache), false)
 7 FCPATH\index.php(55): CodeIgniter\CodeIgniter->run()
CRITICAL - 2022-07-31 04:53:51 --> Invalid file: home/ganti_password.php
in SYSTEMPATH\Exceptions\FrameworkException.php on line 33.
 1 SYSTEMPATH\View\View.php(201): CodeIgniter\Exceptions\FrameworkException::forInvalidFile('home/ganti_password.php')
 2 SYSTEMPATH\Common.php(1135): CodeIgniter\View\View->render('home/ganti_password', [], true)
 3 APPPATH\Controllers\ReportRAK.php(113): view('home/ganti_password')
 4 SYSTEMPATH\CodeIgniter.php(896): App\Controllers\ReportRAK->GantiPassword()
 5 SYSTEMPATH\CodeIgniter.php(466): CodeIgniter\CodeIgniter->runController(Object(App\Controllers\ReportRAK))
 6 SYSTEMPATH\CodeIgniter.php(349): CodeIgniter\CodeIgniter->handleRequest(null, Object(Config\Cache), false)
 7 FCPATH\index.php(55): CodeIgniter\CodeIgniter->run()
CRITICAL - 2022-07-31 04:55:18 --> Invalid file: home/ganti_password.php
in SYSTEMPATH\Exceptions\FrameworkException.php on line 33.
 1 SYSTEMPATH\View\View.php(201): CodeIgniter\Exceptions\FrameworkException::forInvalidFile('home/ganti_password.php')
 2 SYSTEMPATH\Common.php(1135): CodeIgniter\View\View->render('home/ganti_password', [], true)
 3 APPPATH\Controllers\ReportRAK.php(113): view('home/ganti_password')
 4 SYSTEMPATH\CodeIgniter.php(896): App\Controllers\ReportRAK->GantiPassword()
 5 SYSTEMPATH\CodeIgniter.php(466): CodeIgniter\CodeIgniter->runController(Object(App\Controllers\ReportRAK))
 6 SYSTEMPATH\CodeIgniter.php(349): CodeIgniter\CodeIgniter->handleRequest(null, Object(Config\Cache), false)
 7 FCPATH\index.php(55): CodeIgniter\CodeIgniter->run()
CRITICAL - 2022-07-31 04:56:03 --> Invalid file: home/ganti_password.php
in SYSTEMPATH\Exceptions\FrameworkException.php on line 33.
 1 SYSTEMPATH\View\View.php(201): CodeIgniter\Exceptions\FrameworkException::forInvalidFile('home/ganti_password.php')
 2 SYSTEMPATH\Common.php(1135): CodeIgniter\View\View->render('home/ganti_password', [], true)
 3 APPPATH\Controllers\ReportRAK.php(113): view('home/ganti_password')
 4 SYSTEMPATH\CodeIgniter.php(896): App\Controllers\ReportRAK->GantiPassword()
 5 SYSTEMPATH\CodeIgniter.php(466): CodeIgniter\CodeIgniter->runController(Object(App\Controllers\ReportRAK))
 6 SYSTEMPATH\CodeIgniter.php(349): CodeIgniter\CodeIgniter->handleRequest(null, Object(Config\Cache), false)
 7 FCPATH\index.php(55): CodeIgniter\CodeIgniter->run()
CRITICAL - 2022-07-31 04:56:17 --> Invalid file: home/ganti_password.php
in SYSTEMPATH\Exceptions\FrameworkException.php on line 33.
 1 SYSTEMPATH\View\View.php(201): CodeIgniter\Exceptions\FrameworkException::forInvalidFile('home/ganti_password.php')
 2 SYSTEMPATH\Common.php(1135): CodeIgniter\View\View->render('home/ganti_password', [], true)
 3 APPPATH\Controllers\ReportRAK.php(113): view('home/ganti_password')
 4 SYSTEMPATH\CodeIgniter.php(896): App\Controllers\ReportRAK->GantiPassword()
 5 SYSTEMPATH\CodeIgniter.php(466): CodeIgniter\CodeIgniter->runController(Object(App\Controllers\ReportRAK))
 6 SYSTEMPATH\CodeIgniter.php(349): CodeIgniter\CodeIgniter->handleRequest(null, Object(Config\Cache), false)
 7 FCPATH\index.php(55): CodeIgniter\CodeIgniter->run()
